app/build/intermediates/manifest_merge_blame_file/release/manifest-merger-blame-release-report.txt
1<?xml version="1.0" encoding="utf-8"?>
2<manifest xmlns:android="http://schemas.android.com/apk/res/android"
3    package="com.detech.Mito"
4    android:versionCode="1"
5    android:versionName="2.0" >
6
7    <uses-sdk
8        android:minSdkVersion="19"
8-->src/main/AndroidManifest.xml
9        android:targetSdkVersion="30" />
9-->src/main/AndroidManifest.xml
10
11    <uses-permission android:name="android.permission.INTERNET" />
11-->src/main/AndroidManifest.xml:5:5-67
11-->src/main/AndroidManifest.xml:5:22-64
12    <uses-permission android:name="android.permission.RECORD_AUDIO" />
12-->src/main/AndroidManifest.xml:6:5-71
12-->src/main/AndroidManifest.xml:6:22-68
13    <uses-permission android:name="android.permission.CAMERA" />
13-->src/main/AndroidManifest.xml:7:5-65
13-->src/main/AndroidManifest.xml:7:22-62
14    <uses-permission android:name="android.permission.MODIFY_AUDIO_SETTINGS" />
14-->src/main/AndroidManifest.xml:8:5-80
14-->src/main/AndroidManifest.xml:8:22-77
15    <uses-permission android:name="android.permission.ACCESS_NETWORK_STATE" />
15-->[com.google.firebase:firebase-auth:21.0.1] AndroidManifest.xml:24:5-79
15-->[com.google.firebase:firebase-auth:21.0.1] AndroidManifest.xml:24:22-76
16    <uses-permission android:name="android.permission.WAKE_LOCK" />
16-->[com.google.android.gms:play-services-measurement-api:19.0.1] AndroidManifest.xml:24:5-68
16-->[com.google.android.gms:play-services-measurement-api:19.0.1] AndroidManifest.xml:24:22-65
17    <uses-permission android:name="com.google.android.gms.permission.AD_ID" /> <!-- Android package visibility setting -->
17-->[com.google.android.gms:play-services-ads-lite:20.4.0] AndroidManifest.xml:25:5-79
17-->[com.google.android.gms:play-services-ads-lite:20.4.0] AndroidManifest.xml:25:22-76
18    <queries>
18-->[com.google.android.gms:play-services-ads-lite:20.4.0] AndroidManifest.xml:28:5-44:15
19
20        <!-- For browser content -->
21        <intent>
21-->[com.google.android.gms:play-services-ads-lite:20.4.0] AndroidManifest.xml:31:9-37:18
22            <action android:name="android.intent.action.VIEW" />
22-->[com.google.firebase:firebase-auth:21.0.1] AndroidManifest.xml:34:17-69
22-->[com.google.firebase:firebase-auth:21.0.1] AndroidManifest.xml:34:25-66
23
24            <category android:name="android.intent.category.BROWSABLE" />
24-->[com.google.firebase:firebase-auth:21.0.1] AndroidManifest.xml:37:17-78
24-->[com.google.firebase:firebase-auth:21.0.1] AndroidManifest.xml:37:27-75
25
26            <data android:scheme="https" />
26-->[com.google.firebase:firebase-auth:21.0.1] AndroidManifest.xml:39:17-42:51
26-->[com.google.firebase:firebase-auth:21.0.1] AndroidManifest.xml:42:21-48
27        </intent>
28        <!-- End of browser content -->
29        <!-- For CustomTabsService -->
30        <intent>
30-->[com.google.android.gms:play-services-ads-lite:20.4.0] AndroidManifest.xml:40:9-42:18
31            <action android:name="android.support.customtabs.action.CustomTabsService" />
31-->[com.google.android.gms:play-services-ads-lite:20.4.0] AndroidManifest.xml:41:13-90
31-->[com.google.android.gms:play-services-ads-lite:20.4.0] AndroidManifest.xml:41:21-87
32        </intent>
33        <!-- End of CustomTabsService -->
34    </queries>
35
36    <uses-permission android:name="com.google.android.finsky.permission.BIND_GET_INSTALL_REFERRER_SERVICE" />
36-->[com.google.android.gms:play-services-measurement:19.0.1] AndroidManifest.xml:26:5-110
36-->[com.google.android.gms:play-services-measurement:19.0.1] AndroidManifest.xml:26:22-107
37    <uses-permission android:name="android.permission.RECEIVE_BOOT_COMPLETED" />
37-->[androidx.work:work-runtime:2.1.0] AndroidManifest.xml:27:5-81
37-->[androidx.work:work-runtime:2.1.0] AndroidManifest.xml:27:22-78
38
39    <application
39-->src/main/AndroidManifest.xml:10:5-38:19
40        android:name="androidx.multidex.MultiDexApplication"
41        android:allowBackup="true"
41-->src/main/AndroidManifest.xml:11:9-35
42        android:appComponentFactory="androidx.core.app.CoreComponentFactory"
42-->[androidx.core:core:1.5.0] AndroidManifest.xml:24:18-86
43        android:icon="@drawable/play_store_512"
43-->src/main/AndroidManifest.xml:12:9-48
44        android:label="@string/app_name"
44-->src/main/AndroidManifest.xml:13:9-41
45        android:roundIcon="@mipmap/ic_launcher_adaptive_back"
45-->src/main/AndroidManifest.xml:14:9-62
46        android:supportsRtl="true"
46-->src/main/AndroidManifest.xml:15:9-35
47        android:theme="@style/Theme.Strangers"
47-->src/main/AndroidManifest.xml:16:9-47
48        android:usesCleartextTraffic="true" >
48-->src/main/AndroidManifest.xml:17:9-44
49        <activity android:name="com.detech.Mito.activities.RewardActivity" />
49-->src/main/AndroidManifest.xml:18:9-87
49-->src/main/AndroidManifest.xml:18:19-75
50        <activity android:name="com.detech.Mito.activities.CallActivity" />
50-->src/main/AndroidManifest.xml:19:9-76
50-->src/main/AndroidManifest.xml:19:19-73
51        <activity android:name="com.detech.Mito.activities.ConnectingActivity" />
51-->src/main/AndroidManifest.xml:20:9-91
51-->src/main/AndroidManifest.xml:20:19-79
52        <activity android:name="com.detech.Mito.activities.LoginActivity" />
52-->src/main/AndroidManifest.xml:21:9-77
52-->src/main/AndroidManifest.xml:21:19-74
53        <activity android:name="com.detech.Mito.activities.WelcomeActivity" >
53-->src/main/AndroidManifest.xml:22:9-28:20
53-->src/main/AndroidManifest.xml:22:19-76
54            <intent-filter>
54-->src/main/AndroidManifest.xml:23:13-27:29
55                <action android:name="android.intent.action.MAIN" />
55-->src/main/AndroidManifest.xml:24:17-69
55-->src/main/AndroidManifest.xml:24:25-66
56
57                <category android:name="android.intent.category.LAUNCHER" />
57-->src/main/AndroidManifest.xml:26:17-77
57-->src/main/AndroidManifest.xml:26:27-74
58            </intent-filter>
59        </activity>
60        <activity android:name="com.detech.Mito.activities.MainActivity" />
60-->src/main/AndroidManifest.xml:29:9-76
60-->src/main/AndroidManifest.xml:29:19-73
61
62        <meta-data
62-->src/main/AndroidManifest.xml:31:9-33:57
63            android:name="preloaded_fonts"
63-->src/main/AndroidManifest.xml:32:13-43
64            android:resource="@array/preloaded_fonts" />
64-->src/main/AndroidManifest.xml:33:13-54
65        <meta-data
65-->src/main/AndroidManifest.xml:35:9-37:69
66            android:name="com.google.android.gms.ads.APPLICATION_ID"
66-->src/main/AndroidManifest.xml:36:13-69
67            android:value="ca-app-pub-1171612315548548~8972238396" />
67-->src/main/AndroidManifest.xml:37:13-67
68
69        <activity
69-->[com.google.firebase:firebase-auth:21.0.1] AndroidManifest.xml:27:9-44:20
70            android:name="com.google.firebase.auth.internal.GenericIdpActivity"
70-->[com.google.firebase:firebase-auth:21.0.1] AndroidManifest.xml:28:13-80
71            android:excludeFromRecents="true"
71-->[com.google.firebase:firebase-auth:21.0.1] AndroidManifest.xml:29:13-46
72            android:exported="true"
72-->[com.google.firebase:firebase-auth:21.0.1] AndroidManifest.xml:30:13-36
73            android:launchMode="singleTask"
73-->[com.google.firebase:firebase-auth:21.0.1] AndroidManifest.xml:31:13-44
74            android:theme="@android:style/Theme.Translucent.NoTitleBar" >
74-->[com.google.firebase:firebase-auth:21.0.1] AndroidManifest.xml:32:13-72
75            <intent-filter>
75-->[com.google.firebase:firebase-auth:21.0.1] AndroidManifest.xml:33:13-43:29
76                <action android:name="android.intent.action.VIEW" />
76-->[com.google.firebase:firebase-auth:21.0.1] AndroidManifest.xml:34:17-69
76-->[com.google.firebase:firebase-auth:21.0.1] AndroidManifest.xml:34:25-66
77
78                <category android:name="android.intent.category.DEFAULT" />
78-->[com.google.firebase:firebase-auth:21.0.1] AndroidManifest.xml:36:17-76
78-->[com.google.firebase:firebase-auth:21.0.1] AndroidManifest.xml:36:27-73
79                <category android:name="android.intent.category.BROWSABLE" />
79-->[com.google.firebase:firebase-auth:21.0.1] AndroidManifest.xml:37:17-78
79-->[com.google.firebase:firebase-auth:21.0.1] AndroidManifest.xml:37:27-75
80
81                <data
81-->[com.google.firebase:firebase-auth:21.0.1] AndroidManifest.xml:39:17-42:51
82                    android:host="firebase.auth"
82-->[com.google.firebase:firebase-auth:21.0.1] AndroidManifest.xml:40:21-49
83                    android:path="/"
83-->[com.google.firebase:firebase-auth:21.0.1] AndroidManifest.xml:41:21-37
84                    android:scheme="genericidp" />
84-->[com.google.firebase:firebase-auth:21.0.1] AndroidManifest.xml:42:21-48
85            </intent-filter>
86        </activity>
87        <activity
87-->[com.google.firebase:firebase-auth:21.0.1] AndroidManifest.xml:45:9-62:20
88            android:name="com.google.firebase.auth.internal.RecaptchaActivity"
88-->[com.google.firebase:firebase-auth:21.0.1] AndroidManifest.xml:46:13-79
89            android:excludeFromRecents="true"
89-->[com.google.firebase:firebase-auth:21.0.1] AndroidManifest.xml:47:13-46
90            android:exported="true"
90-->[com.google.firebase:firebase-auth:21.0.1] AndroidManifest.xml:48:13-36
91            android:launchMode="singleTask"
91-->[com.google.firebase:firebase-auth:21.0.1] AndroidManifest.xml:49:13-44
92            android:theme="@android:style/Theme.Translucent.NoTitleBar" >
92-->[com.google.firebase:firebase-auth:21.0.1] AndroidManifest.xml:50:13-72
93            <intent-filter>
93-->[com.google.firebase:firebase-auth:21.0.1] AndroidManifest.xml:51:13-61:29
94                <action android:name="android.intent.action.VIEW" />
94-->[com.google.firebase:firebase-auth:21.0.1] AndroidManifest.xml:34:17-69
94-->[com.google.firebase:firebase-auth:21.0.1] AndroidManifest.xml:34:25-66
95
96                <category android:name="android.intent.category.DEFAULT" />
96-->[com.google.firebase:firebase-auth:21.0.1] AndroidManifest.xml:36:17-76
96-->[com.google.firebase:firebase-auth:21.0.1] AndroidManifest.xml:36:27-73
97                <category android:name="android.intent.category.BROWSABLE" />
97-->[com.google.firebase:firebase-auth:21.0.1] AndroidManifest.xml:37:17-78
97-->[com.google.firebase:firebase-auth:21.0.1] AndroidManifest.xml:37:27-75
98
99                <data
99-->[com.google.firebase:firebase-auth:21.0.1] AndroidManifest.xml:39:17-42:51
100                    android:host="firebase.auth"
100-->[com.google.firebase:firebase-auth:21.0.1] AndroidManifest.xml:40:21-49
101                    android:path="/"
101-->[com.google.firebase:firebase-auth:21.0.1] AndroidManifest.xml:41:21-37
102                    android:scheme="recaptcha" />
102-->[com.google.firebase:firebase-auth:21.0.1] AndroidManifest.xml:42:21-48
103            </intent-filter>
104        </activity>
105
106        <service
106-->[com.google.firebase:firebase-auth:21.0.1] AndroidManifest.xml:64:9-73:19
107            android:name="com.google.firebase.auth.api.fallback.service.FirebaseAuthFallbackService"
107-->[com.google.firebase:firebase-auth:21.0.1] AndroidManifest.xml:65:13-101
108            android:enabled="true"
108-->[com.google.firebase:firebase-auth:21.0.1] AndroidManifest.xml:66:13-35
109            android:exported="false" >
109-->[com.google.firebase:firebase-auth:21.0.1] AndroidManifest.xml:67:13-37
110            <intent-filter>
110-->[com.google.firebase:firebase-auth:21.0.1] AndroidManifest.xml:68:13-72:29
111                <action android:name="com.google.firebase.auth.api.gms.service.START" />
111-->[com.google.firebase:firebase-auth:21.0.1] AndroidManifest.xml:69:17-89
111-->[com.google.firebase:firebase-auth:21.0.1] AndroidManifest.xml:69:25-86
112
113                <category android:name="android.intent.category.DEFAULT" />
113-->[com.google.firebase:firebase-auth:21.0.1] AndroidManifest.xml:36:17-76
113-->[com.google.firebase:firebase-auth:21.0.1] AndroidManifest.xml:36:27-73
114            </intent-filter>
115        </service>
116        <service
116-->[com.google.firebase:firebase-auth:21.0.1] AndroidManifest.xml:74:9-80:19
117            android:name="com.google.firebase.components.ComponentDiscoveryService"
117-->[com.google.firebase:firebase-auth:21.0.1] AndroidManifest.xml:75:13-84
118            android:directBootAware="true"
118-->[com.google.firebase:firebase-common:20.0.0] AndroidManifest.xml:35:13-43
119            android:exported="false" >
119-->[com.google.firebase:firebase-auth:21.0.1] AndroidManifest.xml:76:13-37
120            <meta-data
120-->[com.google.firebase:firebase-auth:21.0.1] AndroidManifest.xml:77:13-79:85
121                android:name="com.google.firebase.components:com.google.firebase.auth.FirebaseAuthRegistrar"
121-->[com.google.firebase:firebase-auth:21.0.1] AndroidManifest.xml:78:17-109
122                android:value="com.google.firebase.components.ComponentRegistrar" />
122-->[com.google.firebase:firebase-auth:21.0.1] AndroidManifest.xml:79:17-82
123            <meta-data
123-->[com.google.firebase:firebase-database:20.0.2] AndroidManifest.xml:32:13-34:85
124                android:name="com.google.firebase.components:com.google.firebase.database.DatabaseRegistrar"
124-->[com.google.firebase:firebase-database:20.0.2] AndroidManifest.xml:33:17-109
125                android:value="com.google.firebase.components.ComponentRegistrar" />
125-->[com.google.firebase:firebase-database:20.0.2] AndroidManifest.xml:34:17-82
126            <meta-data
126-->[com.google.android.gms:play-services-measurement-api:19.0.1] AndroidManifest.xml:30:13-32:85
127                android:name="com.google.firebase.components:com.google.firebase.analytics.connector.internal.AnalyticsConnectorRegistrar"
127-->[com.google.android.gms:play-services-measurement-api:19.0.1] AndroidManifest.xml:31:17-139
128                android:value="com.google.firebase.components.ComponentRegistrar" />
128-->[com.google.android.gms:play-services-measurement-api:19.0.1] AndroidManifest.xml:32:17-82
129            <meta-data
129-->[com.google.firebase:firebase-installations:17.0.0] AndroidManifest.xml:18:13-20:85
130                android:name="com.google.firebase.components:com.google.firebase.installations.FirebaseInstallationsRegistrar"
130-->[com.google.firebase:firebase-installations:17.0.0] AndroidManifest.xml:19:17-127
131                android:value="com.google.firebase.components.ComponentRegistrar" />
131-->[com.google.firebase:firebase-installations:17.0.0] AndroidManifest.xml:20:17-82
132        </service>
133
134        <activity
134-->[com.google.android.gms:play-services-auth:19.2.0] AndroidManifest.xml:23:9-27:75
135            android:name="com.google.android.gms.auth.api.signin.internal.SignInHubActivity"
135-->[com.google.android.gms:play-services-auth:19.2.0] AndroidManifest.xml:24:13-93
136            android:excludeFromRecents="true"
136-->[com.google.android.gms:play-services-auth:19.2.0] AndroidManifest.xml:25:13-46
137            android:exported="false"
137-->[com.google.android.gms:play-services-auth:19.2.0] AndroidManifest.xml:26:13-37
138            android:theme="@android:style/Theme.Translucent.NoTitleBar" />
138-->[com.google.android.gms:play-services-auth:19.2.0] AndroidManifest.xml:27:13-72
139        <!--
140            Service handling Google Sign-In user revocation. For apps that do not integrate with
141            Google Sign-In, this service will never be started.
142        -->
143        <service
143-->[com.google.android.gms:play-services-auth:19.2.0] AndroidManifest.xml:33:9-37:51
144            android:name="com.google.android.gms.auth.api.signin.RevocationBoundService"
144-->[com.google.android.gms:play-services-auth:19.2.0] AndroidManifest.xml:34:13-89
145            android:exported="true"
145-->[com.google.android.gms:play-services-auth:19.2.0] AndroidManifest.xml:35:13-36
146            android:permission="com.google.android.gms.auth.api.signin.permission.REVOCATION_NOTIFICATION"
146-->[com.google.android.gms:play-services-auth:19.2.0] AndroidManifest.xml:36:13-107
147            android:visibleToInstantApps="true" />
147-->[com.google.android.gms:play-services-auth:19.2.0] AndroidManifest.xml:37:13-48
148
149        <provider
149-->[com.google.firebase:firebase-common:20.0.0] AndroidManifest.xml:26:9-31:39
150            android:name="com.google.firebase.provider.FirebaseInitProvider"
150-->[com.google.firebase:firebase-common:20.0.0] AndroidManifest.xml:27:13-77
151            android:authorities="com.detech.Mito.firebaseinitprovider"
151-->[com.google.firebase:firebase-common:20.0.0] AndroidManifest.xml:28:13-72
152            android:directBootAware="true"
152-->[com.google.firebase:firebase-common:20.0.0] AndroidManifest.xml:29:13-43
153            android:exported="false"
153-->[com.google.firebase:firebase-common:20.0.0] AndroidManifest.xml:30:13-37
154            android:initOrder="100" />
154-->[com.google.firebase:firebase-common:20.0.0] AndroidManifest.xml:31:13-36
155
156        <activity
156-->[com.google.android.gms:play-services-base:17.5.0] AndroidManifest.xml:23:9-26:75
157            android:name="com.google.android.gms.common.api.GoogleApiActivity"
157-->[com.google.android.gms:play-services-base:17.5.0] AndroidManifest.xml:24:13-79
158            android:exported="false"
158-->[com.google.android.gms:play-services-base:17.5.0] AndroidManifest.xml:25:13-37
159            android:theme="@android:style/Theme.Translucent.NoTitleBar" /> <!-- Include the AdActivity and InAppPurchaseActivity configChanges and themes. -->
159-->[com.google.android.gms:play-services-base:17.5.0] AndroidManifest.xml:26:13-72
160        <activity
160-->[com.google.android.gms:play-services-ads-lite:20.4.0] AndroidManifest.xml:49:9-53:64
161            android:name="com.google.android.gms.ads.AdActivity"
161-->[com.google.android.gms:play-services-ads-lite:20.4.0] AndroidManifest.xml:50:13-65
162            android:configChanges="keyboard|keyboardHidden|orientation|screenLayout|uiMode|screenSize|smallestScreenSize"
162-->[com.google.android.gms:play-services-ads-lite:20.4.0] AndroidManifest.xml:51:13-122
163            android:exported="false"
163-->[com.google.android.gms:play-services-ads-lite:20.4.0] AndroidManifest.xml:52:13-37
164            android:theme="@android:style/Theme.Translucent" />
164-->[com.google.android.gms:play-services-ads-lite:20.4.0] AndroidManifest.xml:53:13-61
165
166        <provider
166-->[com.google.android.gms:play-services-ads-lite:20.4.0] AndroidManifest.xml:55:9-59:39
167            android:name="com.google.android.gms.ads.MobileAdsInitProvider"
167-->[com.google.android.gms:play-services-ads-lite:20.4.0] AndroidManifest.xml:56:13-76
168            android:authorities="com.detech.Mito.mobileadsinitprovider"
168-->[com.google.android.gms:play-services-ads-lite:20.4.0] AndroidManifest.xml:57:13-73
169            android:exported="false"
169-->[com.google.android.gms:play-services-ads-lite:20.4.0] AndroidManifest.xml:58:13-37
170            android:initOrder="100" />
170-->[com.google.android.gms:play-services-ads-lite:20.4.0] AndroidManifest.xml:59:13-36
171
172        <service
172-->[com.google.android.gms:play-services-ads-lite:20.4.0] AndroidManifest.xml:61:9-64:40
173            android:name="com.google.android.gms.ads.AdService"
173-->[com.google.android.gms:play-services-ads-lite:20.4.0] AndroidManifest.xml:62:13-64
174            android:enabled="true"
174-->[com.google.android.gms:play-services-ads-lite:20.4.0] AndroidManifest.xml:63:13-35
175            android:exported="false" />
175-->[com.google.android.gms:play-services-ads-lite:20.4.0] AndroidManifest.xml:64:13-37
176
177        <receiver
177-->[com.google.android.gms:play-services-measurement:19.0.1] AndroidManifest.xml:29:9-33:20
178            android:name="com.google.android.gms.measurement.AppMeasurementReceiver"
178-->[com.google.android.gms:play-services-measurement:19.0.1] AndroidManifest.xml:30:13-85
179            android:enabled="true"
179-->[com.google.android.gms:play-services-measurement:19.0.1] AndroidManifest.xml:31:13-35
180            android:exported="false" >
180-->[com.google.android.gms:play-services-measurement:19.0.1] AndroidManifest.xml:32:13-37
181        </receiver>
182
183        <service
183-->[com.google.android.gms:play-services-measurement:19.0.1] AndroidManifest.xml:35:9-38:40
184            android:name="com.google.android.gms.measurement.AppMeasurementService"
184-->[com.google.android.gms:play-services-measurement:19.0.1] AndroidManifest.xml:36:13-84
185            android:enabled="true"
185-->[com.google.android.gms:play-services-measurement:19.0.1] AndroidManifest.xml:37:13-35
186            android:exported="false" />
186-->[com.google.android.gms:play-services-measurement:19.0.1] AndroidManifest.xml:38:13-37
187        <service
187-->[com.google.android.gms:play-services-measurement:19.0.1] AndroidManifest.xml:39:9-43:72
188            android:name="com.google.android.gms.measurement.AppMeasurementJobService"
188-->[com.google.android.gms:play-services-measurement:19.0.1] AndroidManifest.xml:40:13-87
189            android:enabled="true"
189-->[com.google.android.gms:play-services-measurement:19.0.1] AndroidManifest.xml:41:13-35
190            android:exported="false"
190-->[com.google.android.gms:play-services-measurement:19.0.1] AndroidManifest.xml:42:13-37
191            android:permission="android.permission.BIND_JOB_SERVICE" />
191-->[com.google.android.gms:play-services-measurement:19.0.1] AndroidManifest.xml:43:13-69
192
193        <meta-data
193-->[com.google.android.gms:play-services-basement:17.6.0] AndroidManifest.xml:23:9-25:69
194            android:name="com.google.android.gms.version"
194-->[com.google.android.gms:play-services-basement:17.6.0] AndroidManifest.xml:24:13-58
195            android:value="@integer/google_play_services_version" />
195-->[com.google.android.gms:play-services-basement:17.6.0] AndroidManifest.xml:25:13-66
196
197        <provider
197-->[androidx.work:work-runtime:2.1.0] AndroidManifest.xml:30:9-36:35
198            android:name="androidx.work.impl.WorkManagerInitializer"
198-->[androidx.work:work-runtime:2.1.0] AndroidManifest.xml:31:13-69
199            android:authorities="com.detech.Mito.workmanager-init"
199-->[androidx.work:work-runtime:2.1.0] AndroidManifest.xml:32:13-68
200            android:directBootAware="false"
200-->[androidx.work:work-runtime:2.1.0] AndroidManifest.xml:33:13-44
201            android:exported="false"
201-->[androidx.work:work-runtime:2.1.0] AndroidManifest.xml:34:13-37
202            android:multiprocess="true" />
202-->[androidx.work:work-runtime:2.1.0] AndroidManifest.xml:35:13-40
203
204        <service
204-->[androidx.work:work-runtime:2.1.0] AndroidManifest.xml:38:9-43:35
205            android:name="androidx.work.impl.background.systemalarm.SystemAlarmService"
205-->[androidx.work:work-runtime:2.1.0] AndroidManifest.xml:39:13-88
206            android:directBootAware="false"
206-->[androidx.work:work-runtime:2.1.0] AndroidManifest.xml:40:13-44
207            android:enabled="@bool/enable_system_alarm_service_default"
207-->[androidx.work:work-runtime:2.1.0] AndroidManifest.xml:41:13-72
208            android:exported="false" />
208-->[androidx.work:work-runtime:2.1.0] AndroidManifest.xml:42:13-37
209        <service
209-->[androidx.work:work-runtime:2.1.0] AndroidManifest.xml:44:9-50:35
210            android:name="androidx.work.impl.background.systemjob.SystemJobService"
210-->[androidx.work:work-runtime:2.1.0] AndroidManifest.xml:45:13-84
211            android:directBootAware="false"
211-->[androidx.work:work-runtime:2.1.0] AndroidManifest.xml:46:13-44
212            android:enabled="@bool/enable_system_job_service_default"
212-->[androidx.work:work-runtime:2.1.0] AndroidManifest.xml:47:13-70
213            android:exported="true"
213-->[androidx.work:work-runtime:2.1.0] AndroidManifest.xml:48:13-36
214            android:permission="android.permission.BIND_JOB_SERVICE" />
214-->[androidx.work:work-runtime:2.1.0] AndroidManifest.xml:49:13-69
215
216        <receiver
216-->[androidx.work:work-runtime:2.1.0] AndroidManifest.xml:52:9-57:35
217            android:name="androidx.work.impl.utils.ForceStopRunnable$BroadcastReceiver"
217-->[androidx.work:work-runtime:2.1.0] AndroidManifest.xml:53:13-88
218            android:directBootAware="false"
218-->[androidx.work:work-runtime:2.1.0] AndroidManifest.xml:54:13-44
219            android:enabled="true"
219-->[androidx.work:work-runtime:2.1.0] AndroidManifest.xml:55:13-35
220            android:exported="false" />
220-->[androidx.work:work-runtime:2.1.0] AndroidManifest.xml:56:13-37
221        <receiver
221-->[androidx.work:work-runtime:2.1.0] AndroidManifest.xml:58:9-68:20
222            android:name="androidx.work.impl.background.systemalarm.ConstraintProxy$BatteryChargingProxy"
222-->[androidx.work:work-runtime:2.1.0] AndroidManifest.xml:59:13-106
223            android:directBootAware="false"
223-->[androidx.work:work-runtime:2.1.0] AndroidManifest.xml:60:13-44
224            android:enabled="false"
224-->[androidx.work:work-runtime:2.1.0] AndroidManifest.xml:61:13-36
225            android:exported="false" >
225-->[androidx.work:work-runtime:2.1.0] AndroidManifest.xml:62:13-37
226            <intent-filter>
226-->[androidx.work:work-runtime:2.1.0] AndroidManifest.xml:64:13-67:29
227                <action android:name="android.intent.action.ACTION_POWER_CONNECTED" />
227-->[androidx.work:work-runtime:2.1.0] AndroidManifest.xml:65:17-87
227-->[androidx.work:work-runtime:2.1.0] AndroidManifest.xml:65:25-84
228                <action android:name="android.intent.action.ACTION_POWER_DISCONNECTED" />
228-->[androidx.work:work-runtime:2.1.0] AndroidManifest.xml:66:17-90
228-->[androidx.work:work-runtime:2.1.0] AndroidManifest.xml:66:25-87
229            </intent-filter>
230        </receiver>
231        <receiver
231-->[androidx.work:work-runtime:2.1.0] AndroidManifest.xml:69:9-79:20
232            android:name="androidx.work.impl.background.systemalarm.ConstraintProxy$BatteryNotLowProxy"
232-->[androidx.work:work-runtime:2.1.0] AndroidManifest.xml:70:13-104
233            android:directBootAware="false"
233-->[androidx.work:work-runtime:2.1.0] AndroidManifest.xml:71:13-44
234            android:enabled="false"
234-->[androidx.work:work-runtime:2.1.0] AndroidManifest.xml:72:13-36
235            android:exported="false" >
235-->[androidx.work:work-runtime:2.1.0] AndroidManifest.xml:73:13-37
236            <intent-filter>
236-->[androidx.work:work-runtime:2.1.0] AndroidManifest.xml:75:13-78:29
237                <action android:name="android.intent.action.BATTERY_OKAY" />
237-->[androidx.work:work-runtime:2.1.0] AndroidManifest.xml:76:17-77
237-->[androidx.work:work-runtime:2.1.0] AndroidManifest.xml:76:25-74
238                <action android:name="android.intent.action.BATTERY_LOW" />
238-->[androidx.work:work-runtime:2.1.0] AndroidManifest.xml:77:17-76
238-->[androidx.work:work-runtime:2.1.0] AndroidManifest.xml:77:25-73
239            </intent-filter>
240        </receiver>
241        <receiver
241-->[androidx.work:work-runtime:2.1.0] AndroidManifest.xml:80:9-90:20
242            android:name="androidx.work.impl.background.systemalarm.ConstraintProxy$StorageNotLowProxy"
242-->[androidx.work:work-runtime:2.1.0] AndroidManifest.xml:81:13-104
243            android:directBootAware="false"
243-->[androidx.work:work-runtime:2.1.0] AndroidManifest.xml:82:13-44
244            android:enabled="false"
244-->[androidx.work:work-runtime:2.1.0] AndroidManifest.xml:83:13-36
245            android:exported="false" >
245-->[androidx.work:work-runtime:2.1.0] AndroidManifest.xml:84:13-37
246            <intent-filter>
246-->[androidx.work:work-runtime:2.1.0] AndroidManifest.xml:86:13-89:29
247                <action android:name="android.intent.action.DEVICE_STORAGE_LOW" />
247-->[androidx.work:work-runtime:2.1.0] AndroidManifest.xml:87:17-83
247-->[androidx.work:work-runtime:2.1.0] AndroidManifest.xml:87:25-80
248                <action android:name="android.intent.action.DEVICE_STORAGE_OK" />
248-->[androidx.work:work-runtime:2.1.0] AndroidManifest.xml:88:17-82
248-->[androidx.work:work-runtime:2.1.0] AndroidManifest.xml:88:25-79
249            </intent-filter>
250        </receiver>
251        <receiver
251-->[androidx.work:work-runtime:2.1.0] AndroidManifest.xml:91:9-100:20
252            android:name="androidx.work.impl.background.systemalarm.ConstraintProxy$NetworkStateProxy"
252-->[androidx.work:work-runtime:2.1.0] AndroidManifest.xml:92:13-103
253            android:directBootAware="false"
253-->[androidx.work:work-runtime:2.1.0] AndroidManifest.xml:93:13-44
254            android:enabled="false"
254-->[androidx.work:work-runtime:2.1.0] AndroidManifest.xml:94:13-36
255            android:exported="false" >
255-->[androidx.work:work-runtime:2.1.0] AndroidManifest.xml:95:13-37
256            <intent-filter>
256-->[androidx.work:work-runtime:2.1.0] AndroidManifest.xml:97:13-99:29
257                <action android:name="android.net.conn.CONNECTIVITY_CHANGE" />
257-->[androidx.work:work-runtime:2.1.0] AndroidManifest.xml:98:17-79
257-->[androidx.work:work-runtime:2.1.0] AndroidManifest.xml:98:25-76
258            </intent-filter>
259        </receiver>
260        <receiver
260-->[androidx.work:work-runtime:2.1.0] AndroidManifest.xml:101:9-112:20
261            android:name="androidx.work.impl.background.systemalarm.RescheduleReceiver"
261-->[androidx.work:work-runtime:2.1.0] AndroidManifest.xml:102:13-88
262            android:directBootAware="false"
262-->[androidx.work:work-runtime:2.1.0] AndroidManifest.xml:103:13-44
263            android:enabled="false"
263-->[androidx.work:work-runtime:2.1.0] AndroidManifest.xml:104:13-36
264            android:exported="false" >